../Bin64/Release\kinect_core64.pdb
C:\USERS\E440-2GRADE-PC\DOCUMENTS\GITHUB\INTERACTIVE_DIGITALSIGNAGE\BIN64\RELEASE\KINECT_CORE64.EXE
C:\USERS\E440-2GRADE-PC\DOCUMENTS\GITHUB\INTERACTIVE_DIGITALSIGNAGE\BIN64\RELEASE\KINECT_CORE64.PDB
C:\Users\E440-2grade-PC\Documents\GitHub\interactive_digitalSignage\kinect\../Bin64/Release\kinect_core64.exe
C:\Users\E440-2grade-PC\Documents\GitHub\interactive_digitalSignage\kinect\x64Release\CL.5524.read.1.tlog
C:\Users\E440-2grade-PC\Documents\GitHub\interactive_digitalSignage\kinect\x64Release\CL.5524.write.1.tlog
C:\Users\E440-2grade-PC\Documents\GitHub\interactive_digitalSignage\kinect\x64Release\CL.5592.read.1.tlog
C:\Users\E440-2grade-PC\Documents\GitHub\interactive_digitalSignage\kinect\x64Release\CL.5592.write.1.tlog
C:\Users\E440-2grade-PC\Documents\GitHub\interactive_digitalSignage\kinect\x64Release\cl.command.1.tlog
C:\Users\E440-2grade-PC\Documents\GitHub\interactive_digitalSignage\kinect\x64Release\CL.read.1.tlog
C:\Users\E440-2grade-PC\Documents\GitHub\interactive_digitalSignage\kinect\x64Release\cl.write.1.tlog
C:\Users\E440-2grade-PC\Documents\GitHub\interactive_digitalSignage\kinect\x64Release\kinect_core.write.1.tlog
C:\USERS\E440-2GRADE-PC\DOCUMENTS\GITHUB\INTERACTIVE_DIGITALSIGNAGE\KINECT\X64RELEASE\KINECT_CORE64.EXE.INTERMEDIATE.MANIFEST
C:\Users\E440-2grade-PC\Documents\GitHub\interactive_digitalSignage\kinect\x64Release\link.command.1.tlog
C:\Users\E440-2grade-PC\Documents\GitHub\interactive_digitalSignage\kinect\x64Release\link.read.1.tlog
C:\Users\E440-2grade-PC\Documents\GitHub\interactive_digitalSignage\kinect\x64Release\link.write.1.tlog
C:\Users\E440-2grade-PC\Documents\GitHub\interactive_digitalSignage\kinect\x64Release\main.obj
C:\Users\E440-2grade-PC\Documents\GitHub\interactive_digitalSignage\kinect\x64Release\mt.command.1.tlog
C:\Users\E440-2grade-PC\Documents\GitHub\interactive_digitalSignage\kinect\x64Release\mt.read.1.tlog
C:\Users\E440-2grade-PC\Documents\GitHub\interactive_digitalSignage\kinect\x64Release\mt.write.1.tlog
C:\Users\E440-2grade-PC\Documents\GitHub\interactive_digitalSignage\kinect\x64Release\SceneDrawer.obj
C:\USERS\E440-2GRADE-PC\DOCUMENTS\GITHUB\INTERACTIVE_DIGITALSIGNAGE\KINECT\X64RELEASE\VC100.PDB
