2014/09/11 11:42:28 にビルドを開始しました。
     1>ノード 2 上のプロジェクト "Z:\卒研\プログラム\kinect\NiUserTracker.vcxproj" (build ターゲット)。
     1>PrepareForBuild:
         ディレクトリ "../Bin/Debug\" を作成しています。
       InitializeBuildStatus:
         "AlwaysCreate" が指定されたため "Win32Debug\kinect_core.unsuccessfulbuild" を作成しています。
       ClCompile:
         c:\Program Files (x86)\Microsoft Visual Studio 10.0\VC\bin\CL.exe /c /I"C:\Program Files\OpenNI\Include" /I. /ZI /nologo /W4 /WX- /Od /Oy- /D WIN32 /D _DEBUG /D _CONSOLE /D _UNICODE /D UNICODE /Gm /EHsc /RTC1 /MDd /GS /fp:precise /Zc:wchar_t /Zc:forScope /Fo"Win32Debug\\" /Fd"Win32Debug\vc100.pdb" /Gd /TP /analyze- /errorReport:prompt .\main.cpp .\SceneDrawer.cpp
         SceneDrawer.cpp
         main.cpp
         コードを生成中...
       ManifestResourceCompile:
         C:\Program Files (x86)\Microsoft SDKs\Windows\v7.0A\bin\rc.exe /nologo /fo"Win32Debug\kinect_core.exe.embed.manifest.res" Win32Debug\kinect_core_manifest.rc 
       Link:
         c:\Program Files (x86)\Microsoft Visual Studio 10.0\VC\bin\link.exe /ERRORREPORT:PROMPT /OUT:"../Bin/Debug\kinect_core.exe" /INCREMENTAL /NOLOGO /LIBPATH:./Libs openNI.lib glut32.lib kernel32.lib user32.lib gdi32.lib winspool.lib comdlg32.lib advapi32.lib shell32.lib ole32.lib oleaut32.lib uuid.lib odbc32.lib odbccp32.lib /MANIFEST /ManifestFile:"Win32Debug\kinect_core.exe.intermediate.manifest" /MANIFESTUAC:"level='asInvoker' uiAccess='false'" /DEBUG /PDB:"Z:\卒研\プログラム\Bin\Debug\kinect_core.pdb" /SUBSYSTEM:CONSOLE /TLBID:1 /DYNAMICBASE /NXCOMPAT /IMPLIB:"../Bin/Debug\kinect_core.lib" /MACHINE:X86 Win32Debug\kinect_core.exe.embed.manifest.res
         Win32Debug\main.obj
         Win32Debug\SceneDrawer.obj
     1>LINK : fatal error LNK1104: ファイル 'openNI.lib' を開くことができません。
     1>プロジェクト "Z:\卒研\プログラム\kinect\NiUserTracker.vcxproj" (build ターゲット) のビルドが終了しました -- 失敗。

ビルドに失敗しました。

経過時間 00:00:03.10
