../Bin/Release\kinect_core.pdb
C:\USERS\SHIMO\DESKTOP\KINECT_CORE\本体\WIN32RELEASE\VC100.PDB
C:\USERS\THINKPAD-X61\DESKTOP\卒研_プログラム\BIN\RELEASE\KINECT_CORE.EXE
C:\USERS\THINKPAD-X61\DESKTOP\卒研_プログラム\BIN\RELEASE\KINECT_CORE.PDB
C:\USERS\THINKPAD-X61\DESKTOP\卒研_プログラム\KINECT\WIN32RELEASE\KINECT_CORE.EXE.INTERMEDIATE.MANIFEST
C:\USERS\THINKPAD-X61\DESKTOP\卒研_プログラム\KINECT\WIN32RELEASE\MAIN.OBJ
C:\USERS\THINKPAD-X61\DESKTOP\卒研_プログラム\KINECT\WIN32RELEASE\SCENEDRAWER.OBJ
C:\USERS\THINKPAD-X61\DESKTOP\卒研_プログラム\KINECT\WIN32RELEASE\VC100.PDB
C:\USERS\THINKPAD-X61\DOCUMENTS\GITHUB\INTERACTIVE_DIGITALSIGNAGE\BIN\RELEASE\KINECT_CORE.EXE
C:\USERS\THINKPAD-X61\DOCUMENTS\GITHUB\INTERACTIVE_DIGITALSIGNAGE\BIN\RELEASE\KINECT_CORE.PDB
C:\Users\ThinkPad-X61\Documents\GitHub\interactive_digitalSignage\kinect\../Bin/Release\kinect_core.exe
C:\Users\ThinkPad-X61\Documents\GitHub\interactive_digitalSignage\kinect\Win32Release\CL.1752.read.1.tlog
C:\Users\ThinkPad-X61\Documents\GitHub\interactive_digitalSignage\kinect\Win32Release\CL.1752.write.1.tlog
C:\Users\ThinkPad-X61\Documents\GitHub\interactive_digitalSignage\kinect\Win32Release\CL.3108.read.1.tlog
C:\Users\ThinkPad-X61\Documents\GitHub\interactive_digitalSignage\kinect\Win32Release\CL.3108.write.1.tlog
C:\Users\ThinkPad-X61\Documents\GitHub\interactive_digitalSignage\kinect\Win32Release\CL.324.read.1.tlog
C:\Users\ThinkPad-X61\Documents\GitHub\interactive_digitalSignage\kinect\Win32Release\CL.324.write.1.tlog
C:\Users\ThinkPad-X61\Documents\GitHub\interactive_digitalSignage\kinect\Win32Release\CL.5712.read.1.tlog
C:\Users\ThinkPad-X61\Documents\GitHub\interactive_digitalSignage\kinect\Win32Release\CL.5712.write.1.tlog
C:\Users\ThinkPad-X61\Documents\GitHub\interactive_digitalSignage\kinect\Win32Release\CL.6876.read.1.tlog
C:\Users\ThinkPad-X61\Documents\GitHub\interactive_digitalSignage\kinect\Win32Release\CL.6876.write.1.tlog
C:\Users\ThinkPad-X61\Documents\GitHub\interactive_digitalSignage\kinect\Win32Release\CL.6980.read.1.tlog
C:\Users\ThinkPad-X61\Documents\GitHub\interactive_digitalSignage\kinect\Win32Release\CL.6980.write.1.tlog
C:\Users\ThinkPad-X61\Documents\GitHub\interactive_digitalSignage\kinect\Win32Release\CL.9684.read.1.tlog
C:\Users\ThinkPad-X61\Documents\GitHub\interactive_digitalSignage\kinect\Win32Release\CL.9684.write.1.tlog
C:\Users\ThinkPad-X61\Documents\GitHub\interactive_digitalSignage\kinect\Win32Release\CL.9688.read.1.tlog
C:\Users\ThinkPad-X61\Documents\GitHub\interactive_digitalSignage\kinect\Win32Release\CL.9688.write.1.tlog
C:\Users\ThinkPad-X61\Documents\GitHub\interactive_digitalSignage\kinect\Win32Release\cl.command.1.tlog
C:\Users\ThinkPad-X61\Documents\GitHub\interactive_digitalSignage\kinect\Win32Release\CL.read.1.tlog
C:\Users\ThinkPad-X61\Documents\GitHub\interactive_digitalSignage\kinect\Win32Release\cl.write.1.tlog
C:\USERS\THINKPAD-X61\DOCUMENTS\GITHUB\INTERACTIVE_DIGITALSIGNAGE\KINECT\WIN32RELEASE\KINECT_CORE.EXE.INTERMEDIATE.MANIFEST
C:\Users\ThinkPad-X61\Documents\GitHub\interactive_digitalSignage\kinect\Win32Release\kinect_core.write.1.tlog
C:\Users\ThinkPad-X61\Documents\GitHub\interactive_digitalSignage\kinect\Win32Release\link.command.1.tlog
C:\Users\ThinkPad-X61\Documents\GitHub\interactive_digitalSignage\kinect\Win32Release\link.read.1.tlog
C:\Users\ThinkPad-X61\Documents\GitHub\interactive_digitalSignage\kinect\Win32Release\link.write.1.tlog
C:\USERS\THINKPAD-X61\DOCUMENTS\GITHUB\INTERACTIVE_DIGITALSIGNAGE\KINECT\WIN32RELEASE\MAIN.OBJ
C:\Users\ThinkPad-X61\Documents\GitHub\interactive_digitalSignage\kinect\Win32Release\mt.command.1.tlog
C:\Users\ThinkPad-X61\Documents\GitHub\interactive_digitalSignage\kinect\Win32Release\mt.read.1.tlog
C:\Users\ThinkPad-X61\Documents\GitHub\interactive_digitalSignage\kinect\Win32Release\mt.write.1.tlog
C:\Users\ThinkPad-X61\Documents\GitHub\interactive_digitalSignage\kinect\Win32Release\NiUserTracker.vcxprojResolveAssemblyReference.cache
C:\USERS\THINKPAD-X61\DOCUMENTS\GITHUB\INTERACTIVE_DIGITALSIGNAGE\KINECT\WIN32RELEASE\SCENEDRAWER.OBJ
C:\USERS\THINKPAD-X61\DOCUMENTS\GITHUB\INTERACTIVE_DIGITALSIGNAGE\KINECT\WIN32RELEASE\VC100.PDB
