2014/10/27 11:35:56 にビルドを開始しました。
     1>ノード 2 上のプロジェクト "C:\Users\E440-2grade-PC\Documents\GitHub\interactive_digitalSignage\kinect\NiUserTracker.vcxproj" (build ターゲット)。
     1>InitializeBuildStatus:
         "AlwaysCreate" が指定されたため "Win32Release\kinect_core.unsuccessfulbuild" を作成しています。
       ClCompile:
         C:\Program Files (x86)\Microsoft Visual Studio 10.0\VC\bin\CL.exe /c /I"C:\Program Files\OpenNI\Include" /I. /Zi /nologo /W4 /WX- /O2 /Oi /Oy- /GL /D WIN32 /D NDEBUG /D _CONSOLE /D _UNICODE /D UNICODE /Gm- /EHsc /MD /GS /Gy /fp:precise /Zc:wchar_t /Zc:forScope /Fo"Win32Release\\" /Fd"Win32Release\vc100.pdb" /Gd /TP /analyze- /errorReport:prompt .\main.cpp .\SceneDrawer.cpp /MP 
         main.cpp
         SceneDrawer.cpp
     1>.\main.cpp(166): warning C4100: 'strPose' : 引数は関数の本体部で 1 度も参照されません。
     1>.\main.cpp(175): warning C4100: 'nId' : 引数は関数の本体部で 1 度も参照されません。
     1>.\main.cpp(192): warning C4996: 'localtime': This function or variable may be unsafe. Consider using localtime_s instead. To disable deprecation, use _CRT_SECURE_NO_WARNINGS. See online help for details.
                 C:\Program Files (x86)\Microsoft Visual Studio 10.0\VC\include\time.inl(112) : 'localtime' の宣言を確認してください。
     1>.\main.cpp(200): warning C4996: 'sprintf': This function or variable may be unsafe. Consider using sprintf_s instead. To disable deprecation, use _CRT_SECURE_NO_WARNINGS. See online help for details.
                 C:\Program Files (x86)\Microsoft Visual Studio 10.0\VC\include\stdio.h(371) : 'sprintf' の宣言を確認してください。
     1>.\main.cpp(424): warning C4996: 'xn::Context::InitFromXmlFile': Use other overload!
                 C:\Program Files\OpenNI\Include\XnCppWrapper.h(9526) : 'xn::Context::InitFromXmlFile' の宣言を確認してください。
       Link:
         C:\Program Files (x86)\Microsoft Visual Studio 10.0\VC\bin\link.exe /ERRORREPORT:PROMPT /OUT:"../Bin/Release\kinect_core.exe" /INCREMENTAL:NO /NOLOGO /LIBPATH:./Libs openNI.lib glut32.lib kernel32.lib user32.lib gdi32.lib winspool.lib comdlg32.lib advapi32.lib shell32.lib ole32.lib oleaut32.lib uuid.lib odbc32.lib odbccp32.lib /MANIFEST /ManifestFile:"Win32Release\kinect_core.exe.intermediate.manifest" /MANIFESTUAC:"level='asInvoker' uiAccess='false'" /DEBUG /PDB:"C:\Users\E440-2grade-PC\Documents\GitHub\interactive_digitalSignage\Bin\Release\kinect_core.pdb" /SUBSYSTEM:CONSOLE /OPT:REF /OPT:ICF /LTCG /TLBID:1 /DYNAMICBASE /NXCOMPAT /IMPLIB:"../Bin/Release\kinect_core.lib" /MACHINE:X86 Win32Release\main.obj
         Win32Release\SceneDrawer.obj
     1>LINK : fatal error LNK1181: 入力ファイル 'openNI.lib' を開けません。
     1>プロジェクト "C:\Users\E440-2grade-PC\Documents\GitHub\interactive_digitalSignage\kinect\NiUserTracker.vcxproj" (build ターゲット) のビルドが終了しました -- 失敗。

ビルドに失敗しました。

経過時間 00:00:01.70
